<?xml version="1.0" encoding="UTF-8"?>
<!-- Generated by org.testng.reporters.JUnitXMLReporter -->
<testsuite hostname="DESKTOP-2AIOONT" ignored="0" name="validated the title" tests="2" failures="2" timestamp="09 Mar 2019 21:20:22 GMT" time="10.727" errors="0">
  <testcase name="homepagenavigation" time="8.379" classname="Academy.validatingtitle">
    <failure type="java.lang.AssertionError" message="expected [FEATURED COURSES123] but found [FEATURED COURSES]">
      <![CDATA[java.lang.AssertionError: expected [FEATURED COURSES123] but found [FEATURED COURSES]
at Academy.validatingtitle.homepagenavigation(validatingtitle.java:28)
... Removed 31 stack frames]]>
    </failure>
  </testcase> <!-- homepagenavigation -->
  <testcase name="homepagenavigation" time="8.384" classname="Academy.validatingtitle">
    <failure type="java.lang.NullPointerException">
      <![CDATA[java.lang.NullPointerException
at resources.base.getscreenshot(base.java:46)
at Academy.listeners.onTestFailure(listeners.java:27)
... Removed 22 stack frames]]>
    </failure>
  </testcase> <!-- homepagenavigation -->
</testsuite> <!-- validated the title -->
