<?xml version="1.0" encoding="UTF-8"?>
<testng-results skipped="0" failed="0" ignored="0" total="4" passed="4">
  <reporter-output>
  </reporter-output>
  <suite name="Suite" duration-ms="43955" started-at="2019-03-09T21:10:52Z" finished-at="2019-03-09T21:11:36Z">
    <groups>
    </groups>
    <test name="validated the contact" duration-ms="9863" started-at="2019-03-09T21:10:52Z" finished-at="2019-03-09T21:11:02Z">
      <class name="Academy.validatingnavigationbar">
        <test-method status="PASS" signature="homepagenavigation()[pri:0, instance:Academy.validatingnavigationbar@2f8dad04]" name="homepagenavigation" duration-ms="9697" started-at="2019-03-09T21:10:52Z" finished-at="2019-03-09T21:11:02Z">
          <reporter-output>
          </reporter-output>
        </test-method> <!-- homepagenavigation -->
        <test-method status="PASS" signature="closewindow()[pri:0, instance:Academy.validatingnavigationbar@2f8dad04]" name="closewindow" is-config="true" duration-ms="134" started-at="2019-03-09T21:11:02Z" finished-at="2019-03-09T21:11:02Z">
          <reporter-output>
          </reporter-output>
        </test-method> <!-- closewindow -->
      </class> <!-- Academy.validatingnavigationbar -->
    </test> <!-- validated the contact -->
    <test name="validated the title" duration-ms="8495" started-at="2019-03-09T21:11:02Z" finished-at="2019-03-09T21:11:10Z">
      <class name="Academy.validatingtitle">
        <test-method status="PASS" signature="homepagenavigation()[pri:0, instance:Academy.validatingtitle@6c130c45]" name="homepagenavigation" duration-ms="8390" started-at="2019-03-09T21:11:02Z" finished-at="2019-03-09T21:11:10Z">
          <reporter-output>
          </reporter-output>
        </test-method> <!-- homepagenavigation -->
        <test-method status="PASS" signature="closewindow()[pri:0, instance:Academy.validatingtitle@6c130c45]" name="closewindow" is-config="true" duration-ms="103" started-at="2019-03-09T21:11:10Z" finished-at="2019-03-09T21:11:10Z">
          <reporter-output>
          </reporter-output>
        </test-method> <!-- closewindow -->
      </class> <!-- Academy.validatingtitle -->
    </test> <!-- validated the title -->
    <test name="validate loginpage" duration-ms="25558" started-at="2019-03-09T21:11:10Z" finished-at="2019-03-09T21:11:36Z">
      <class name="Academy.homepage">
        <test-method status="PASS" signature="homepagenavigation(java.lang.String, java.lang.String, java.lang.String)[pri:0, instance:Academy.homepage@2fd1433e]" name="homepagenavigation" duration-ms="12679" started-at="2019-03-09T21:11:10Z" data-provider="getdata" finished-at="2019-03-09T21:11:23Z">
          <params>
            <param index="0">
              <value>
                <![CDATA[spandanap@gmail.com]]>
              </value>
            </param>
            <param index="1">
              <value>
                <![CDATA[shcdh]]>
              </value>
            </param>
            <param index="2">
              <value>
                <![CDATA[1st user]]>
              </value>
            </param>
          </params>
          <reporter-output>
          </reporter-output>
        </test-method> <!-- homepagenavigation -->
        <test-method status="PASS" signature="homepagenavigation(java.lang.String, java.lang.String, java.lang.String)[pri:0, instance:Academy.homepage@2fd1433e]" name="homepagenavigation" duration-ms="12468" started-at="2019-03-09T21:11:23Z" data-provider="getdata" finished-at="2019-03-09T21:11:35Z">
          <params>
            <param index="0">
              <value>
                <![CDATA[harsha@yahoo.co.in]]>
              </value>
            </param>
            <param index="1">
              <value>
                <![CDATA[sdscvf]]>
              </value>
            </param>
            <param index="2">
              <value>
                <![CDATA[2nd user]]>
              </value>
            </param>
          </params>
          <reporter-output>
          </reporter-output>
        </test-method> <!-- homepagenavigation -->
        <test-method status="PASS" signature="closewindow()[pri:0, instance:Academy.homepage@2fd1433e]" name="closewindow" is-config="true" duration-ms="402" started-at="2019-03-09T21:11:35Z" finished-at="2019-03-09T21:11:36Z">
          <reporter-output>
          </reporter-output>
        </test-method> <!-- closewindow -->
      </class> <!-- Academy.homepage -->
    </test> <!-- validate loginpage -->
    <test name="Test" duration-ms="0" started-at="2019-03-09T21:11:36Z" finished-at="2019-03-09T21:11:36Z">
    </test> <!-- Test -->
  </suite> <!-- Suite -->
</testng-results>
